# JRE version: OpenJDK Runtime Environment (11.0.2+9) (build 11.0.2+9)
# Java VM: OpenJDK 64-Bit Server VM (11.0.2+9, mixed mode, tiered, compressed oops, g1 gc, windows-amd64)
Heap:
 garbage-first heap   total 487424K, used 389144K [0x00000000e0000000, 0x0000000100000000)
  region size 1024K, 124 young (126976K), 15 survivors (15360K)
 Metaspace       used 118966K, capacity 123767K, committed 124072K, reserved 362496K
  class space    used 14099K, capacity 15789K, committed 15908K, reserved 253952K
GC Heap History (10 events):
Event: 4101.911 GC heap before
{Heap before GC invocations=294 (full 0):
 garbage-first heap   total 477184K, used 208186K [0x00000000e0000000, 0x0000000100000000)
  region size 1024K, 23 young (23552K), 5 survivors (5120K)
 Metaspace       used 118888K, capacity 123653K, committed 123816K, reserved 362496K
  class space    used 14091K, capacity 15775K, committed 15908K, reserved 253952K
}
Event: 4101.977 GC heap after
{Heap after GC invocations=295 (full 0):
 garbage-first heap   total 487424K, used 185198K [0x00000000e0000000, 0x0000000100000000)
  region size 1024K, 2 young (2048K), 2 survivors (2048K)
 Metaspace       used 118888K, capacity 123653K, committed 123816K, reserved 362496K
  class space    used 14091K, capacity 15775K, committed 15908K, reserved 253952K
}
Event: 4107.162 GC heap before
{Heap before GC invocations=295 (full 0):
 garbage-first heap   total 487424K, used 239470K [0x00000000e0000000, 0x0000000100000000)
  region size 1024K, 57 young (58368K), 2 survivors (2048K)
 Metaspace       used 118891K, capacity 123654K, committed 123816K, reserved 362496K
  class space    used 14091K, capacity 15775K, committed 15908K, reserved 253952K
}
Event: 4107.169 GC heap after
{Heap after GC invocations=296 (full 0):
 garbage-first heap   total 487424K, used 187505K [0x00000000e0000000, 0x0000000100000000)
  region size 1024K, 6 young (6144K), 6 survivors (6144K)
 Metaspace       used 118891K, capacity 123654K, committed 123816K, reserved 362496K
  class space    used 14091K, capacity 15775K, committed 15908K, reserved 253952K
}
Event: 4108.830 GC heap before
{Heap before GC invocations=297 (full 0):
 garbage-first heap   total 487424K, used 357123K [0x00000000e0000000, 0x0000000100000000)
  region size 1024K, 151 young (154624K), 6 survivors (6144K)
 Metaspace       used 118944K, capacity 123763K, committed 124072K, reserved 362496K
  class space    used 14099K, capacity 15789K, committed 15908K, reserved 253952K
}
Event: 4108.959 GC heap after
{Heap after GC invocations=298 (full 0):
 garbage-first heap   total 487424K, used 251189K [0x00000000e0000000, 0x0000000100000000)
  region size 1024K, 19 young (19456K), 19 survivors (19456K)
 Metaspace       used 118944K, capacity 123763K, committed 124072K, reserved 362496K
  class space    used 14099K, capacity 15789K, committed 15908K, reserved 253952K
}
Event: 4108.998 GC heap before
{Heap before GC invocations=298 (full 0):
 garbage-first heap   total 487424K, used 254261K [0x00000000e0000000, 0x0000000100000000)
  region size 1024K, 23 young (23552K), 19 survivors (19456K)
 Metaspace       used 118944K, capacity 123763K, committed 124072K, reserved 362496K
  class space    used 14099K, capacity 15789K, committed 15908K, reserved 253952K
}
Event: 4109.069 GC heap after
{Heap after GC invocations=299 (full 0):
 garbage-first heap   total 487424K, used 230257K [0x00000000e0000000, 0x0000000100000000)
  region size 1024K, 3 young (3072K), 3 survivors (3072K)
 Metaspace       used 118944K, capacity 123763K, committed 124072K, reserved 362496K
  class space    used 14099K, capacity 15789K, committed 15908K, reserved 253952K
}
Event: 4109.401 GC heap before
{Heap before GC invocations=299 (full 0):
 garbage-first heap   total 487424K, used 285553K [0x00000000e0000000, 0x0000000100000000)
  region size 1024K, 59 young (60416K), 3 survivors (3072K)
 Metaspace       used 118962K, capacity 123767K, committed 124072K, reserved 362496K
  class space    used 14099K, capacity 15789K, committed 15908K, reserved 253952K
}
Event: 4109.515 GC heap after
{Heap after GC invocations=300 (full 0):
 garbage-first heap   total 487424K, used 242712K [0x00000000e0000000, 0x0000000100000000)
  region size 1024K, 15 young (15360K), 15 survivors (15360K)
 Metaspace       used 118962K, capacity 123767K, committed 124072K, reserved 362496K
  class space    used 14099K, capacity 15789K, committed 15908K, reserved 253952K
}

