# JRE version: OpenJDK Runtime Environment (11.0.2+9) (build 11.0.2+9)
# Java VM: OpenJDK 64-Bit Server VM (11.0.2+9, mixed mode, tiered, compressed oops, g1 gc, windows-amd64)
Heap:
 garbage-first heap   total 447488K, used 296801K [0x00000000e0000000, 0x0000000100000000)
  region size 1024K, 80 young (81920K), 4 survivors (4096K)
 Metaspace       used 123976K, capacity 128885K, committed 129148K, reserved 366592K
  class space    used 14869K, capacity 16656K, committed 16768K, reserved 253952K
GC Heap History (10 events):
Event: 312.480 GC heap before
{Heap before GC invocations=220 (full 0):
 garbage-first heap   total 443392K, used 239413K [0x00000000e0000000, 0x0000000100000000)
  region size 1024K, 21 young (21504K), 11 survivors (11264K)
 Metaspace       used 123945K, capacity 128968K, committed 129148K, reserved 366592K
  class space    used 14890K, capacity 16698K, committed 16768K, reserved 253952K
}
Event: 312.539 GC heap after
{Heap after GC invocations=221 (full 0):
 garbage-first heap   total 443392K, used 218863K [0x00000000e0000000, 0x0000000100000000)
  region size 1024K, 3 young (3072K), 3 survivors (3072K)
 Metaspace       used 123945K, capacity 128968K, committed 129148K, reserved 366592K
  class space    used 14890K, capacity 16698K, committed 16768K, reserved 253952K
}
Event: 313.771 GC heap before
{Heap before GC invocations=221 (full 0):
 garbage-first heap   total 443392K, used 238319K [0x00000000e0000000, 0x0000000100000000)
  region size 1024K, 21 young (21504K), 3 survivors (3072K)
 Metaspace       used 123982K, capacity 128989K, committed 129148K, reserved 366592K
  class space    used 14893K, capacity 16703K, committed 16768K, reserved 253952K
}
Event: 313.824 GC heap after
{Heap after GC invocations=222 (full 0):
 garbage-first heap   total 443392K, used 218533K [0x00000000e0000000, 0x0000000100000000)
  region size 1024K, 2 young (2048K), 2 survivors (2048K)
 Metaspace       used 123982K, capacity 128989K, committed 129148K, reserved 366592K
  class space    used 14893K, capacity 16703K, committed 16768K, reserved 253952K
}
Event: 314.386 GC heap before
{Heap before GC invocations=222 (full 0):
 garbage-first heap   total 443392K, used 234917K [0x00000000e0000000, 0x0000000100000000)
  region size 1024K, 20 young (20480K), 2 survivors (2048K)
 Metaspace       used 124006K, capacity 129007K, committed 129148K, reserved 366592K
  class space    used 14894K, capacity 16706K, committed 16768K, reserved 253952K
}
Event: 314.434 GC heap after
{Heap after GC invocations=223 (full 0):
 garbage-first heap   total 443392K, used 219406K [0x00000000e0000000, 0x0000000100000000)
  region size 1024K, 3 young (3072K), 3 survivors (3072K)
 Metaspace       used 124006K, capacity 129007K, committed 129148K, reserved 366592K
  class space    used 14894K, capacity 16706K, committed 16768K, reserved 253952K
}
Event: 315.659 GC heap before
{Heap before GC invocations=223 (full 0):
 garbage-first heap   total 443392K, used 324878K [0x00000000e0000000, 0x0000000100000000)
  region size 1024K, 101 young (103424K), 3 survivors (3072K)
 Metaspace       used 124041K, capacity 129031K, committed 129148K, reserved 366592K
  class space    used 14896K, capacity 16709K, committed 16768K, reserved 253952K
}
Event: 315.862 GC heap after
{Heap after GC invocations=224 (full 0):
 garbage-first heap   total 443392K, used 239783K [0x00000000e0000000, 0x0000000100000000)
  region size 1024K, 13 young (13312K), 13 survivors (13312K)
 Metaspace       used 124041K, capacity 129031K, committed 129148K, reserved 366592K
  class space    used 14896K, capacity 16709K, committed 16768K, reserved 253952K
}
Event: 316.341 GC heap before
{Heap before GC invocations=224 (full 0):
 garbage-first heap   total 443392K, used 272551K [0x00000000e0000000, 0x0000000100000000)
  region size 1024K, 46 young (47104K), 13 survivors (13312K)
 Metaspace       used 124057K, capacity 129032K, committed 129148K, reserved 366592K
  class space    used 14896K, capacity 16709K, committed 16768K, reserved 253952K
}
Event: 316.375 GC heap after
{Heap after GC invocations=225 (full 0):
 garbage-first heap   total 447488K, used 243553K [0x00000000e0000000, 0x0000000100000000)
  region size 1024K, 4 young (4096K), 4 survivors (4096K)
 Metaspace       used 124057K, capacity 129032K, committed 129148K, reserved 366592K
  class space    used 14896K, capacity 16709K, committed 16768K, reserved 253952K
}

