# JRE version: OpenJDK Runtime Environment (11.0.2+9) (build 11.0.2+9)
# Java VM: OpenJDK 64-Bit Server VM (11.0.2+9, mixed mode, tiered, compressed oops, g1 gc, windows-amd64)
Heap:
 garbage-first heap   total 262144K, used 170724K [0x00000000e0000000, 0x0000000100000000)
  region size 1024K, 4 young (4096K), 3 survivors (3072K)
 Metaspace       used 100418K, capacity 104520K, committed 104616K, reserved 346112K
  class space    used 12131K, capacity 13558K, committed 13644K, reserved 253952K
GC Heap History (10 events):
Event: 60.465 GC heap before
{Heap before GC invocations=77 (full 0):
 garbage-first heap   total 262144K, used 223976K [0x00000000e0000000, 0x0000000100000000)
  region size 1024K, 13 young (13312K), 2 survivors (2048K)
 Metaspace       used 100189K, capacity 104259K, committed 104616K, reserved 346112K
  class space    used 12111K, capacity 13541K, committed 13644K, reserved 253952K
}
Event: 60.472 GC heap after
{Heap after GC invocations=78 (full 0):
 garbage-first heap   total 262144K, used 213267K [0x00000000e0000000, 0x0000000100000000)
  region size 1024K, 2 young (2048K), 2 survivors (2048K)
 Metaspace       used 100189K, capacity 104259K, committed 104616K, reserved 346112K
  class space    used 12111K, capacity 13541K, committed 13644K, reserved 253952K
}
Event: 60.644 GC heap before
{Heap before GC invocations=79 (full 0):
 garbage-first heap   total 262144K, used 222483K [0x00000000e0000000, 0x0000000100000000)
  region size 1024K, 14 young (14336K), 2 survivors (2048K)
 Metaspace       used 100189K, capacity 104259K, committed 104616K, reserved 346112K
  class space    used 12111K, capacity 13541K, committed 13644K, reserved 253952K
}
Event: 60.651 GC heap after
{Heap after GC invocations=80 (full 0):
 garbage-first heap   total 262144K, used 210917K [0x00000000e0000000, 0x0000000100000000)
  region size 1024K, 2 young (2048K), 2 survivors (2048K)
 Metaspace       used 100189K, capacity 104259K, committed 104616K, reserved 346112K
  class space    used 12111K, capacity 13541K, committed 13644K, reserved 253952K
}
Event: 61.780 GC heap before
{Heap before GC invocations=80 (full 0):
 garbage-first heap   total 262144K, used 220133K [0x00000000e0000000, 0x0000000100000000)
  region size 1024K, 12 young (12288K), 2 survivors (2048K)
 Metaspace       used 100192K, capacity 104259K, committed 104616K, reserved 346112K
  class space    used 12111K, capacity 13541K, committed 13644K, reserved 253952K
}
Event: 61.790 GC heap after
{Heap after GC invocations=81 (full 0):
 garbage-first heap   total 262144K, used 192562K [0x00000000e0000000, 0x0000000100000000)
  region size 1024K, 2 young (2048K), 2 survivors (2048K)
 Metaspace       used 100192K, capacity 104259K, committed 104616K, reserved 346112K
  class space    used 12111K, capacity 13541K, committed 13644K, reserved 253952K
}
Event: 64.352 GC heap before
{Heap before GC invocations=81 (full 0):
 garbage-first heap   total 262144K, used 203826K [0x00000000e0000000, 0x0000000100000000)
  region size 1024K, 15 young (15360K), 2 survivors (2048K)
 Metaspace       used 100192K, capacity 104259K, committed 104616K, reserved 346112K
  class space    used 12111K, capacity 13541K, committed 13644K, reserved 253952K
}
Event: 64.356 GC heap after
{Heap after GC invocations=82 (full 0):
 garbage-first heap   total 262144K, used 194113K [0x00000000e0000000, 0x0000000100000000)
  region size 1024K, 3 young (3072K), 3 survivors (3072K)
 Metaspace       used 100192K, capacity 104259K, committed 104616K, reserved 346112K
  class space    used 12111K, capacity 13541K, committed 13644K, reserved 253952K
}
Event: 65.247 GC heap before
{Heap before GC invocations=83 (full 0):
 garbage-first heap   total 262144K, used 193089K [0x00000000e0000000, 0x0000000100000000)
  region size 1024K, 25 young (25600K), 3 survivors (3072K)
 Metaspace       used 100418K, capacity 104520K, committed 104616K, reserved 346112K
  class space    used 12131K, capacity 13558K, committed 13644K, reserved 253952K
}
Event: 65.258 GC heap after
{Heap after GC invocations=84 (full 0):
 garbage-first heap   total 262144K, used 170724K [0x00000000e0000000, 0x0000000100000000)
  region size 1024K, 3 young (3072K), 3 survivors (3072K)
 Metaspace       used 100418K, capacity 104520K, committed 104616K, reserved 346112K
  class space    used 12131K, capacity 13558K, committed 13644K, reserved 253952K
}

